<?xml version="1.0" encoding="UTF-8"?>
<!-- Generated by org.testng.reporters.JUnitReportReporter -->
<testsuite skipped="0" hostname="DESKTOP-5NO69JU" name="org.zia.selenium.ddt.BankLoginExcel" tests="3" failures="0" timestamp="15 Dec 2018 15:53:05 GMT" time="47.671" errors="0">
  <testcase name="loginToBank" time="17.802" classname="org.zia.selenium.ddt.BankLoginExcel"/>
  <testcase name="loginToBank" time="14.742" classname="org.zia.selenium.ddt.BankLoginExcel"/>
  <testcase name="loginToBank" time="15.127" classname="org.zia.selenium.ddt.BankLoginExcel"/>
</testsuite> <!-- org.zia.selenium.ddt.BankLoginExcel -->
